<?xml version="1.0" encoding="UTF-8"?>
<coverage generated="1758914186977" clover="3.2.0">
  <project timestamp="1758914186977" name="All files">
    <metrics statements="17" coveredstatements="17" conditionals="14" coveredconditionals="13" methods="3" coveredmethods="3" elements="34" coveredelements="33" complexity="0" loc="17" ncloc="17" packages="1" files="1" classes="1"/>
    <file name="validator.js" path="C:\Users\Софья Зайцева\whack-a-goblin-3\src\validator.js">
      <metrics statements="17" coveredstatements="17" conditionals="14" coveredconditionals="13" methods="3" coveredmethods="3"/>
      <line num="5" count="4" type="cond" truecount="1" falsecount="1"/>
      <line num="8" count="4" type="cond" truecount="2" falsecount="0"/>
      <line num="10" count="48" type="stmt"/>
      <line num="11" count="3" type="stmt"/>
      <line num="12" count="3" type="stmt"/>
      <line num="14" count="3" type="stmt"/>
      <line num="15" count="48" type="stmt"/>
      <line num="16" count="48" type="cond" truecount="2" falsecount="0"/>
      <line num="17" count="24" type="stmt"/>
      <line num="18" count="24" type="cond" truecount="2" falsecount="0"/>
      <line num="20" count="48" type="stmt"/>
      <line num="21" count="48" type="stmt"/>
      <line num="23" count="3" type="stmt"/>
      <line num="28" count="4" type="cond" truecount="2" falsecount="0"/>
      <line num="29" count="3" type="cond" truecount="2" falsecount="0"/>
      <line num="30" count="2" type="cond" truecount="2" falsecount="0"/>
      <line num="31" count="1" type="stmt"/>
    </file>
  </project>
</coverage>
