{"C:\\Users\\Софья Зайцева\\whack-a-goblin-3\\src\\validator.js": {"path":"C:\\Users\\Софья Зайцева\\whack-a-goblin-3\\src\\validator.js","statementMap":{"0":{"start":{"line":5,"column":2},"end":{"line":5,"column":45}},"1":{"start":{"line":5,"column":32},"end":{"line":5,"column":45}},"2":{"start":{"line":8,"column":2},"end":{"line":8,"column":44}},"3":{"start":{"line":8,"column":32},"end":{"line":8,"column":44}},"4":{"start":{"line":10,"column":17},"end":{"line":10,"column":55}},"5":{"start":{"line":10,"column":43},"end":{"line":10,"column":54}},"6":{"start":{"line":11,"column":12},"end":{"line":11,"column":13}},"7":{"start":{"line":12,"column":12},"end":{"line":12,"column":17}},"8":{"start":{"line":14,"column":2},"end":{"line":22,"column":3}},"9":{"start":{"line":14,"column":15},"end":{"line":14,"column":32}},"10":{"start":{"line":15,"column":12},"end":{"line":15,"column":21}},"11":{"start":{"line":16,"column":4},"end":{"line":19,"column":5}},"12":{"start":{"line":17,"column":6},"end":{"line":17,"column":13}},"13":{"start":{"line":18,"column":6},"end":{"line":18,"column":24}},"14":{"start":{"line":18,"column":17},"end":{"line":18,"column":24}},"15":{"start":{"line":20,"column":4},"end":{"line":20,"column":13}},"16":{"start":{"line":21,"column":4},"end":{"line":21,"column":15}},"17":{"start":{"line":23,"column":2},"end":{"line":23,"column":24}},"18":{"start":{"line":28,"column":2},"end":{"line":28,"column":39}},"19":{"start":{"line":28,"column":25},"end":{"line":28,"column":39}},"20":{"start":{"line":29,"column":2},"end":{"line":29,"column":50}},"21":{"start":{"line":29,"column":30},"end":{"line":29,"column":50}},"22":{"start":{"line":30,"column":2},"end":{"line":30,"column":45}},"23":{"start":{"line":30,"column":32},"end":{"line":30,"column":45}},"24":{"start":{"line":31,"column":2},"end":{"line":31,"column":19}}},"fnMap":{"0":{"name":"isValidCard","decl":{"start":{"line":4,"column":16},"end":{"line":4,"column":27}},"loc":{"start":{"line":4,"column":36},"end":{"line":24,"column":1}},"line":4},"1":{"name":"(anonymous_1)","decl":{"start":{"line":10,"column":38},"end":{"line":10,"column":39}},"loc":{"start":{"line":10,"column":43},"end":{"line":10,"column":54}},"line":10},"2":{"name":"getCardType","decl":{"start":{"line":27,"column":16},"end":{"line":27,"column":27}},"loc":{"start":{"line":27,"column":36},"end":{"line":32,"column":1}},"line":27}},"branchMap":{"0":{"loc":{"start":{"line":5,"column":2},"end":{"line":5,"column":45}},"type":"if","locations":[{"start":{"line":5,"column":2},"end":{"line":5,"column":45}},{"start":{},"end":{}}],"line":5},"1":{"loc":{"start":{"line":8,"column":2},"end":{"line":8,"column":44}},"type":"if","locations":[{"start":{"line":8,"column":2},"end":{"line":8,"column":44}},{"start":{},"end":{}}],"line":8},"2":{"loc":{"start":{"line":16,"column":4},"end":{"line":19,"column":5}},"type":"if","locations":[{"start":{"line":16,"column":4},"end":{"line":19,"column":5}},{"start":{},"end":{}}],"line":16},"3":{"loc":{"start":{"line":18,"column":6},"end":{"line":18,"column":24}},"type":"if","locations":[{"start":{"line":18,"column":6},"end":{"line":18,"column":24}},{"start":{},"end":{}}],"line":18},"4":{"loc":{"start":{"line":28,"column":2},"end":{"line":28,"column":39}},"type":"if","locations":[{"start":{"line":28,"column":2},"end":{"line":28,"column":39}},{"start":{},"end":{}}],"line":28},"5":{"loc":{"start":{"line":29,"column":2},"end":{"line":29,"column":50}},"type":"if","locations":[{"start":{"line":29,"column":2},"end":{"line":29,"column":50}},{"start":{},"end":{}}],"line":29},"6":{"loc":{"start":{"line":30,"column":2},"end":{"line":30,"column":45}},"type":"if","locations":[{"start":{"line":30,"column":2},"end":{"line":30,"column":45}},{"start":{},"end":{}}],"line":30}},"s":{"0":4,"1":0,"2":4,"3":1,"4":3,"5":48,"6":3,"7":3,"8":3,"9":3,"10":48,"11":48,"12":24,"13":24,"14":7,"15":48,"16":48,"17":3,"18":4,"19":1,"20":3,"21":1,"22":2,"23":1,"24":1},"f":{"0":4,"1":48,"2":4},"b":{"0":[0,4],"1":[1,3],"2":[24,24],"3":[7,17],"4":[1,3],"5":[1,2],"6":[1,1]},"_coverageSchema":"1a1c01bbd47fc00a2c39e90264f33305004495a9","hash":"8bac888f8e04348e700254a6f043ec7a157bdb5f"}
}
