TN:
SF:src\validator.js
FN:4,isValidCard
FN:10,(anonymous_1)
FN:27,getCardType
FNF:3
FNH:3
FNDA:4,isValidCard
FNDA:48,(anonymous_1)
FNDA:4,getCardType
DA:5,4
DA:8,4
DA:10,48
DA:11,3
DA:12,3
DA:14,3
DA:15,48
DA:16,48
DA:17,24
DA:18,24
DA:20,48
DA:21,48
DA:23,3
DA:28,4
DA:29,3
DA:30,2
DA:31,1
LF:17
LH:17
BRDA:5,0,0,0
BRDA:5,0,1,4
BRDA:8,1,0,1
BRDA:8,1,1,3
BRDA:16,2,0,24
BRDA:16,2,1,24
BRDA:18,3,0,7
BRDA:18,3,1,17
BRDA:28,4,0,1
BRDA:28,4,1,3
BRDA:29,5,0,1
BRDA:29,5,1,2
BRDA:30,6,0,1
BRDA:30,6,1,1
BRF:14
BRH:13
end_of_record
